<?xml version="1.0" encoding="UTF-8"?>
<coverage generated="1536504740695" clover="3.2.0">
  <project timestamp="1536504740695" name="All files">
    <metrics statements="33" coveredstatements="20" conditionals="11" coveredconditionals="4" methods="6" coveredmethods="5" elements="50" coveredelements="29" complexity="0" loc="33" ncloc="33" packages="7" files="10" classes="10">
      <package name="components">
        <metrics statements="0" coveredstatements="0" conditionals="0" coveredconditionals="0" methods="0" coveredmethods="0"/>
        <file name="index.js" path="/Users/pavel/Dropbox/Code/Projects/IntelliSense/client/src/components/index.js">
          <metrics statements="0" coveredstatements="0" conditionals="0" coveredconditionals="0" methods="0" coveredmethods="0"/>
        </file>
      </package>
      <package name="components.Item">
        <metrics statements="17" coveredstatements="7" conditionals="6" coveredconditionals="2" methods="2" coveredmethods="1"/>
        <file name="Item.js" path="/Users/pavel/Dropbox/Code/Projects/IntelliSense/client/src/components/Item/Item.js">
          <metrics statements="17" coveredstatements="7" conditionals="6" coveredconditionals="2" methods="2" coveredmethods="1"/>
          <line num="40" count="0" type="stmt"/>
          <line num="41" count="0" type="stmt"/>
          <line num="42" count="0" type="stmt"/>
          <line num="43" count="0" type="stmt"/>
          <line num="45" count="0" type="stmt"/>
          <line num="46" count="0" type="stmt"/>
          <line num="47" count="0" type="stmt"/>
          <line num="48" count="0" type="stmt"/>
          <line num="52" count="0" type="cond" truecount="0" falsecount="4"/>
          <line num="53" count="0" type="stmt"/>
          <line num="62" count="5" type="stmt"/>
          <line num="63" count="5" type="stmt"/>
          <line num="64" count="5" type="stmt"/>
          <line num="205" count="5" type="stmt"/>
          <line num="209" count="5" type="stmt"/>
          <line num="216" count="5" type="stmt"/>
          <line num="234" count="2" type="stmt"/>
        </file>
        <file name="index.js" path="/Users/pavel/Dropbox/Code/Projects/IntelliSense/client/src/components/Item/index.js">
          <metrics statements="0" coveredstatements="0" conditionals="0" coveredconditionals="0" methods="0" coveredmethods="0"/>
        </file>
      </package>
      <package name="components.Layout">
        <metrics statements="4" coveredstatements="4" conditionals="0" coveredconditionals="0" methods="2" coveredmethods="2"/>
        <file name="Layout.js" path="/Users/pavel/Dropbox/Code/Projects/IntelliSense/client/src/components/Layout/Layout.js">
          <metrics statements="4" coveredstatements="4" conditionals="0" coveredconditionals="0" methods="2" coveredmethods="2"/>
          <line num="11" count="2" type="stmt"/>
          <line num="15" count="2" type="stmt"/>
          <line num="16" count="2" type="stmt"/>
          <line num="26" count="1" type="stmt"/>
        </file>
        <file name="index.js" path="/Users/pavel/Dropbox/Code/Projects/IntelliSense/client/src/components/Layout/index.js">
          <metrics statements="0" coveredstatements="0" conditionals="0" coveredconditionals="0" methods="0" coveredmethods="0"/>
        </file>
      </package>
      <package name="components.UI">
        <metrics statements="0" coveredstatements="0" conditionals="0" coveredconditionals="0" methods="0" coveredmethods="0"/>
        <file name="index.js" path="/Users/pavel/Dropbox/Code/Projects/IntelliSense/client/src/components/UI/index.js">
          <metrics statements="0" coveredstatements="0" conditionals="0" coveredconditionals="0" methods="0" coveredmethods="0"/>
        </file>
      </package>
      <package name="components.UI.Spinner">
        <metrics statements="2" coveredstatements="2" conditionals="0" coveredconditionals="0" methods="1" coveredmethods="1"/>
        <file name="Spinner.js" path="/Users/pavel/Dropbox/Code/Projects/IntelliSense/client/src/components/UI/Spinner/Spinner.js">
          <metrics statements="2" coveredstatements="2" conditionals="0" coveredconditionals="0" methods="1" coveredmethods="1"/>
          <line num="5" count="3" type="stmt"/>
          <line num="6" count="2" type="stmt"/>
        </file>
        <file name="index.js" path="/Users/pavel/Dropbox/Code/Projects/IntelliSense/client/src/components/UI/Spinner/index.js">
          <metrics statements="0" coveredstatements="0" conditionals="0" coveredconditionals="0" methods="0" coveredmethods="0"/>
        </file>
      </package>
      <package name="store">
        <metrics statements="3" coveredstatements="3" conditionals="0" coveredconditionals="0" methods="0" coveredmethods="0"/>
        <file name="constants.js" path="/Users/pavel/Dropbox/Code/Projects/IntelliSense/client/src/store/constants.js">
          <metrics statements="3" coveredstatements="3" conditionals="0" coveredconditionals="0" methods="0" coveredmethods="0"/>
          <line num="1" count="1" type="stmt"/>
          <line num="2" count="1" type="stmt"/>
          <line num="3" count="1" type="stmt"/>
        </file>
      </package>
      <package name="store.reducers">
        <metrics statements="7" coveredstatements="4" conditionals="5" coveredconditionals="2" methods="1" coveredmethods="1"/>
        <file name="reducer.js" path="/Users/pavel/Dropbox/Code/Projects/IntelliSense/client/src/store/reducers/reducer.js">
          <metrics statements="7" coveredstatements="4" conditionals="5" coveredconditionals="2" methods="1" coveredmethods="1"/>
          <line num="3" count="1" type="stmt"/>
          <line num="9" count="1" type="cond" truecount="1" falsecount="0"/>
          <line num="10" count="1" type="cond" truecount="1" falsecount="3"/>
          <line num="12" count="0" type="stmt"/>
          <line num="14" count="0" type="stmt"/>
          <line num="16" count="0" type="stmt"/>
          <line num="18" count="1" type="stmt"/>
        </file>
      </package>
    </metrics>
  </project>
</coverage>
