{"/Users/pavel/Dropbox/Code/Projects/IntelliSense/client/src/components/index.js": {"path":"/Users/pavel/Dropbox/Code/Projects/IntelliSense/client/src/components/index.js","statementMap":{},"fnMap":{},"branchMap":{},"s":{},"f":{},"b":{},"_coverageSchema":"332fd63041d2c1bcb487cc26dd0d5f7d97098a6c","hash":"4622a793d2996d5223eedc282460c3fcbaececeb"}
,"/Users/pavel/Dropbox/Code/Projects/IntelliSense/client/src/components/Item/Item.js": {"path":"/Users/pavel/Dropbox/Code/Projects/IntelliSense/client/src/components/Item/Item.js","statementMap":{"0":{"start":{"line":40,"column":24},"end":{"line":40,"column":34}},"1":{"start":{"line":41,"column":34},"end":{"line":41,"column":44}},"2":{"start":{"line":42,"column":18},"end":{"line":42,"column":20}},"3":{"start":{"line":43,"column":21},"end":{"line":43,"column":33}},"4":{"start":{"line":45,"column":4},"end":{"line":50,"column":5}},"5":{"start":{"line":46,"column":6},"end":{"line":49,"column":7}},"6":{"start":{"line":47,"column":8},"end":{"line":47,"column":38}},"7":{"start":{"line":48,"column":8},"end":{"line":48,"column":67}},"8":{"start":{"line":52,"column":4},"end":{"line":58,"column":5}},"9":{"start":{"line":53,"column":6},"end":{"line":57,"column":8}},"10":{"start":{"line":62,"column":33},"end":{"line":62,"column":43}},"11":{"start":{"line":63,"column":23},"end":{"line":63,"column":33}},"12":{"start":{"line":64,"column":17},"end":{"line":203,"column":5}},"13":{"start":{"line":205,"column":24},"end":{"line":207,"column":5}},"14":{"start":{"line":209,"column":25},"end":{"line":214,"column":5}},"15":{"start":{"line":216,"column":4},"end":{"line":230,"column":5}},"16":{"start":{"line":234,"column":0},"end":{"line":237,"column":1}}},"fnMap":{"0":{"name":"(anonymous_0)","decl":{"start":{"line":39,"column":23},"end":{"line":39,"column":24}},"loc":{"start":{"line":39,"column":29},"end":{"line":59,"column":3}},"line":39},"1":{"name":"(anonymous_1)","decl":{"start":{"line":61,"column":2},"end":{"line":61,"column":3}},"loc":{"start":{"line":61,"column":11},"end":{"line":231,"column":3}},"line":61}},"branchMap":{"0":{"loc":{"start":{"line":52,"column":4},"end":{"line":58,"column":5}},"type":"if","locations":[{"start":{"line":52,"column":4},"end":{"line":58,"column":5}},{"start":{"line":52,"column":4},"end":{"line":58,"column":5}}],"line":52},"1":{"loc":{"start":{"line":52,"column":8},"end":{"line":52,"column":68}},"type":"binary-expr","locations":[{"start":{"line":52,"column":8},"end":{"line":52,"column":46}},{"start":{"line":52,"column":50},"end":{"line":52,"column":68}}],"line":52},"2":{"loc":{"start":{"line":219,"column":11},"end":{"line":227,"column":11}},"type":"cond-expr","locations":[{"start":{"line":220,"column":12},"end":{"line":220,"column":45}},{"start":{"line":222,"column":12},"end":{"line":226,"column":14}}],"line":219}},"s":{"0":0,"1":0,"2":0,"3":0,"4":0,"5":0,"6":0,"7":0,"8":0,"9":0,"10":5,"11":5,"12":5,"13":5,"14":5,"15":5,"16":2},"f":{"0":0,"1":5},"b":{"0":[0,0],"1":[0,0],"2":[1,4]},"_coverageSchema":"332fd63041d2c1bcb487cc26dd0d5f7d97098a6c","hash":"31aad1a0fae4c4e6250126675fb699d331f3f8a1"}
,"/Users/pavel/Dropbox/Code/Projects/IntelliSense/client/src/components/Item/index.js": {"path":"/Users/pavel/Dropbox/Code/Projects/IntelliSense/client/src/components/Item/index.js","statementMap":{},"fnMap":{},"branchMap":{},"s":{},"f":{},"b":{},"_coverageSchema":"332fd63041d2c1bcb487cc26dd0d5f7d97098a6c","hash":"bc2e7fc23b51b1d04126a1527321320490ef2607"}
,"/Users/pavel/Dropbox/Code/Projects/IntelliSense/client/src/components/Layout/Layout.js": {"path":"/Users/pavel/Dropbox/Code/Projects/IntelliSense/client/src/components/Layout/Layout.js","statementMap":{"0":{"start":{"line":11,"column":4},"end":{"line":11,"column":26}},"1":{"start":{"line":15,"column":38},"end":{"line":15,"column":48}},"2":{"start":{"line":16,"column":4},"end":{"line":22,"column":5}},"3":{"start":{"line":26,"column":0},"end":{"line":32,"column":1}}},"fnMap":{"0":{"name":"(anonymous_0)","decl":{"start":{"line":10,"column":23},"end":{"line":10,"column":24}},"loc":{"start":{"line":10,"column":29},"end":{"line":12,"column":3}},"line":10},"1":{"name":"(anonymous_1)","decl":{"start":{"line":14,"column":2},"end":{"line":14,"column":3}},"loc":{"start":{"line":14,"column":11},"end":{"line":23,"column":3}},"line":14}},"branchMap":{},"s":{"0":2,"1":2,"2":2,"3":1},"f":{"0":2,"1":2},"b":{},"_coverageSchema":"332fd63041d2c1bcb487cc26dd0d5f7d97098a6c","hash":"48ae18f3d5cff753f60fe85f6878b0e27ffd2691"}
,"/Users/pavel/Dropbox/Code/Projects/IntelliSense/client/src/components/Layout/index.js": {"path":"/Users/pavel/Dropbox/Code/Projects/IntelliSense/client/src/components/Layout/index.js","statementMap":{},"fnMap":{},"branchMap":{},"s":{},"f":{},"b":{},"_coverageSchema":"332fd63041d2c1bcb487cc26dd0d5f7d97098a6c","hash":"c95462f93d509942ecb4e3dcae264e5601b67e3d"}
,"/Users/pavel/Dropbox/Code/Projects/IntelliSense/client/src/components/UI/index.js": {"path":"/Users/pavel/Dropbox/Code/Projects/IntelliSense/client/src/components/UI/index.js","statementMap":{},"fnMap":{},"branchMap":{},"s":{},"f":{},"b":{},"_coverageSchema":"332fd63041d2c1bcb487cc26dd0d5f7d97098a6c","hash":"299f35ff20dcacb1a078429d7e5dafb6e5a89c38"}
,"/Users/pavel/Dropbox/Code/Projects/IntelliSense/client/src/components/UI/Spinner/Spinner.js": {"path":"/Users/pavel/Dropbox/Code/Projects/IntelliSense/client/src/components/UI/Spinner/Spinner.js","statementMap":{"0":{"start":{"line":5,"column":16},"end":{"line":12,"column":1}},"1":{"start":{"line":6,"column":2},"end":{"line":11,"column":8}}},"fnMap":{"0":{"name":"(anonymous_0)","decl":{"start":{"line":5,"column":16},"end":{"line":5,"column":17}},"loc":{"start":{"line":6,"column":2},"end":{"line":11,"column":8}},"line":6}},"branchMap":{},"s":{"0":3,"1":2},"f":{"0":2},"b":{},"_coverageSchema":"332fd63041d2c1bcb487cc26dd0d5f7d97098a6c","hash":"8657d626bbfd6f1c98b3444c2119f3671c69bed1"}
,"/Users/pavel/Dropbox/Code/Projects/IntelliSense/client/src/components/UI/Spinner/index.js": {"path":"/Users/pavel/Dropbox/Code/Projects/IntelliSense/client/src/components/UI/Spinner/index.js","statementMap":{},"fnMap":{},"branchMap":{},"s":{},"f":{},"b":{},"_coverageSchema":"332fd63041d2c1bcb487cc26dd0d5f7d97098a6c","hash":"6148fe91d22a3ad5cfdf90c53996385a53383660"}
,"/Users/pavel/Dropbox/Code/Projects/IntelliSense/client/src/store/constants.js": {"path":"/Users/pavel/Dropbox/Code/Projects/IntelliSense/client/src/store/constants.js","statementMap":{"0":{"start":{"line":1,"column":32},"end":{"line":1,"column":50}},"1":{"start":{"line":2,"column":34},"end":{"line":2,"column":54}},"2":{"start":{"line":3,"column":31},"end":{"line":3,"column":48}}},"fnMap":{},"branchMap":{},"s":{"0":1,"1":1,"2":1},"f":{},"b":{},"_coverageSchema":"332fd63041d2c1bcb487cc26dd0d5f7d97098a6c","hash":"bd564e01f9b0a4f9db27b2ad4f4ce1d91af933f2"}
,"/Users/pavel/Dropbox/Code/Projects/IntelliSense/client/src/store/reducers/reducer.js": {"path":"/Users/pavel/Dropbox/Code/Projects/IntelliSense/client/src/store/reducers/reducer.js","statementMap":{"0":{"start":{"line":3,"column":21},"end":{"line":7,"column":1}},"1":{"start":{"line":9,"column":20},"end":{"line":20,"column":1}},"2":{"start":{"line":10,"column":2},"end":{"line":19,"column":3}},"3":{"start":{"line":12,"column":6},"end":{"line":12,"column":40}},"4":{"start":{"line":14,"column":6},"end":{"line":14,"column":71}},"5":{"start":{"line":16,"column":6},"end":{"line":16,"column":62}},"6":{"start":{"line":18,"column":6},"end":{"line":18,"column":18}}},"fnMap":{"0":{"name":"(anonymous_0)","decl":{"start":{"line":9,"column":20},"end":{"line":9,"column":21}},"loc":{"start":{"line":9,"column":54},"end":{"line":20,"column":1}},"line":9}},"branchMap":{"0":{"loc":{"start":{"line":9,"column":21},"end":{"line":9,"column":41}},"type":"default-arg","locations":[{"start":{"line":9,"column":29},"end":{"line":9,"column":41}}],"line":9},"1":{"loc":{"start":{"line":10,"column":2},"end":{"line":19,"column":3}},"type":"switch","locations":[{"start":{"line":11,"column":4},"end":{"line":12,"column":40}},{"start":{"line":13,"column":4},"end":{"line":14,"column":71}},{"start":{"line":15,"column":4},"end":{"line":16,"column":62}},{"start":{"line":17,"column":4},"end":{"line":18,"column":18}}],"line":10}},"s":{"0":1,"1":1,"2":1,"3":0,"4":0,"5":0,"6":1},"f":{"0":1},"b":{"0":[1],"1":[0,0,0,1]},"_coverageSchema":"332fd63041d2c1bcb487cc26dd0d5f7d97098a6c","hash":"7ae079fd5fda0dc968cf099223262e77d5c0a05b"}
}
