TN:
SF:/Users/pavel/Dropbox/Code/Projects/IntelliSense/client/src/components/index.js
FNF:0
FNH:0
LF:0
LH:0
BRF:0
BRH:0
end_of_record
TN:
SF:/Users/pavel/Dropbox/Code/Projects/IntelliSense/client/src/components/Item/Item.js
FN:39,(anonymous_0)
FN:61,(anonymous_1)
FNF:2
FNH:1
FNDA:0,(anonymous_0)
FNDA:5,(anonymous_1)
DA:40,0
DA:41,0
DA:42,0
DA:43,0
DA:45,0
DA:46,0
DA:47,0
DA:48,0
DA:52,0
DA:53,0
DA:62,5
DA:63,5
DA:64,5
DA:205,5
DA:209,5
DA:216,5
DA:234,2
LF:17
LH:7
BRDA:52,0,0,0
BRDA:52,0,1,0
BRDA:52,1,0,0
BRDA:52,1,1,0
BRDA:219,2,0,1
BRDA:219,2,1,4
BRF:6
BRH:2
end_of_record
TN:
SF:/Users/pavel/Dropbox/Code/Projects/IntelliSense/client/src/components/Item/index.js
FNF:0
FNH:0
LF:0
LH:0
BRF:0
BRH:0
end_of_record
TN:
SF:/Users/pavel/Dropbox/Code/Projects/IntelliSense/client/src/components/Layout/Layout.js
FN:10,(anonymous_0)
FN:14,(anonymous_1)
FNF:2
FNH:2
FNDA:2,(anonymous_0)
FNDA:2,(anonymous_1)
DA:11,2
DA:15,2
DA:16,2
DA:26,1
LF:4
LH:4
BRF:0
BRH:0
end_of_record
TN:
SF:/Users/pavel/Dropbox/Code/Projects/IntelliSense/client/src/components/Layout/index.js
FNF:0
FNH:0
LF:0
LH:0
BRF:0
BRH:0
end_of_record
TN:
SF:/Users/pavel/Dropbox/Code/Projects/IntelliSense/client/src/components/UI/index.js
FNF:0
FNH:0
LF:0
LH:0
BRF:0
BRH:0
end_of_record
TN:
SF:/Users/pavel/Dropbox/Code/Projects/IntelliSense/client/src/components/UI/Spinner/Spinner.js
FN:5,(anonymous_0)
FNF:1
FNH:1
FNDA:2,(anonymous_0)
DA:5,3
DA:6,2
LF:2
LH:2
BRF:0
BRH:0
end_of_record
TN:
SF:/Users/pavel/Dropbox/Code/Projects/IntelliSense/client/src/components/UI/Spinner/index.js
FNF:0
FNH:0
LF:0
LH:0
BRF:0
BRH:0
end_of_record
TN:
SF:/Users/pavel/Dropbox/Code/Projects/IntelliSense/client/src/store/constants.js
FNF:0
FNH:0
DA:1,1
DA:2,1
DA:3,1
LF:3
LH:3
BRF:0
BRH:0
end_of_record
TN:
SF:/Users/pavel/Dropbox/Code/Projects/IntelliSense/client/src/store/reducers/reducer.js
FN:9,(anonymous_0)
FNF:1
FNH:1
FNDA:1,(anonymous_0)
DA:3,1
DA:9,1
DA:10,1
DA:12,0
DA:14,0
DA:16,0
DA:18,1
LF:7
LH:4
BRDA:9,0,0,1
BRDA:10,1,0,0
BRDA:10,1,1,0
BRDA:10,1,2,0
BRDA:10,1,3,1
BRF:5
BRH:2
end_of_record
